#-----------------------------------------------------------
# PlanAhead v14.7 (64-bit)
# Build 321239 by xbuild on Fri Sep 27 19:29:51 MDT 2013
# Start of session at: Thu May 26 09:47:38 2022
# Process ID: 3852
# Log file: D:/DSD_LAB/lab_07/planAhead_run_3/planAhead.log
# Journal file: D:/DSD_LAB/lab_07/planAhead_run_3/planAhead.jou
#-----------------------------------------------------------
INFO: [Common 17-78] Attempting to get a license: PlanAhead
INFO: [Common 17-290] Got license for PlanAhead
INFO: [Device 21-36] Loading parts and site information from C:/Xilinx/14.7/ISE_DS/PlanAhead/data/parts/arch.xml
Parsing RTL primitives file [C:/Xilinx/14.7/ISE_DS/PlanAhead/data/parts/xilinx/rtl/prims/rtl_prims.xml]
Finished parsing RTL primitives file [C:/Xilinx/14.7/ISE_DS/PlanAhead/data/parts/xilinx/rtl/prims/rtl_prims.xml]
start_gui
source D:/DSD_LAB/lab_07/pa.fromHdl.tcl
# create_project -name lab_07 -dir "D:/DSD_LAB/lab_07/planAhead_run_3" -part xc6slx9csg324-2
# set_param project.pinAheadLayout yes
# set srcset [get_property srcset [current_run -impl]]
# set_property target_constrs_file "counter.ucf" [current_fileset -constrset]
Adding file 'D:/DSD_LAB/lab_07/counter.ucf' to fileset 'constrs_1'
# set hdlfile [add_files [list {lab_07.v}]]
# set_property file_type Verilog $hdlfile
# set_property library work $hdlfile
# set_property top counter $srcset
# add_files [list {counter.ucf}] -fileset [get_property constrset [current_run]]
# open_rtl_design -part xc6slx9csg324-2
Using Verific elaboration
Parsing VHDL file "C:/Xilinx/14.7/ISE_DS/PlanAhead/data/parts/xilinx/rtl/lib/synplify/synattr.vhd" into library synplify
Analyzing Verilog file "D:/DSD_LAB/lab_07/lab_07.v" into library work
Loading clock regions from C:/Xilinx/14.7/ISE_DS/PlanAhead/data\parts/xilinx/spartan6/spartan6lx/xc6slx9/ClockRegion.xml
Loading clock buffers from C:/Xilinx/14.7/ISE_DS/PlanAhead/data\parts/xilinx/spartan6/spartan6lx/xc6slx9/ClockBuffers.xml
Loading package pin functions from C:/Xilinx/14.7/ISE_DS/PlanAhead/data\parts/xilinx/spartan6/PinFunctions.xml...
Loading package from C:/Xilinx/14.7/ISE_DS/PlanAhead/data\parts/xilinx/spartan6/spartan6lx/xc6slx9/csg324/Package.xml
Loading io standards from C:/Xilinx/14.7/ISE_DS/PlanAhead/data\./parts/xilinx/spartan6/IOStandards.xml
Loading device configuration modes from C:/Xilinx/14.7/ISE_DS/PlanAhead/data\parts/xilinx/spartan6/ConfigModes.xml
Loading list of drcs for the architecture : C:/Xilinx/14.7/ISE_DS/PlanAhead/data\./parts/xilinx/spartan6/drc.xml
INFO: [Common 17-41] Interrupt caught. Command should exit soon.
Parsing UCF File [D:/DSD_LAB/lab_07/counter.ucf]
Finished Parsing UCF File [D:/DSD_LAB/lab_07/counter.ucf]
INFO: [Common 17-344] 'open_rtl_design' was cancelled
INFO: [Common 17-344] 'source' was cancelled
update_compile_order -fileset sim_1
exit
ERROR: [PlanAhead 12-106] *** Exception: ui.h.b: Found deleted key in HTclEventBroker. Verify if the classes listed here call cleanup()
HTclEvent: SIGNAL_MODIFY   Classes: ui.views.aR 
HTclEvent: DEBUG_CORE_CONFIG_CHANGE   Classes: ui.views.aR 
HTclEvent: DEBUG_PORT_CONFIG_CHANGE   Classes: ui.views.aR 
HTclEvent: SIGNAL_BUS_MODIFY   Classes: ui.views.aR 
 (See D:/DSD_LAB/lab_07\planAhead_pid3852.debug)
ERROR: [Common 17-39] 'stop_gui' failed due to earlier errors.
INFO: [Common 17-206] Exiting PlanAhead at Thu May 26 09:47:52 2022...
INFO: [Common 17-83] Releasing license: PlanAhead
