#-----------------------------------------------------------
# PlanAhead v14.7 (64-bit)
# Build 321239 by xbuild on Fri Sep 27 19:29:51 MDT 2013
# Start of session at: Thu May 26 09:46:25 2022
# Process ID: 16420
# Log file: D:/DSD_LAB/lab_07/planAhead_run_2/planAhead.log
# Journal file: D:/DSD_LAB/lab_07/planAhead_run_2/planAhead.jou
#-----------------------------------------------------------
INFO: [Common 17-78] Attempting to get a license: PlanAhead
INFO: [Common 17-290] Got license for PlanAhead
INFO: [Device 21-36] Loading parts and site information from C:/Xilinx/14.7/ISE_DS/PlanAhead/data/parts/arch.xml
Parsing RTL primitives file [C:/Xilinx/14.7/ISE_DS/PlanAhead/data/parts/xilinx/rtl/prims/rtl_prims.xml]
Finished parsing RTL primitives file [C:/Xilinx/14.7/ISE_DS/PlanAhead/data/parts/xilinx/rtl/prims/rtl_prims.xml]
start_gui
source D:/DSD_LAB/lab_07/pa.fromHdl.tcl
# create_project -name lab_07 -dir "D:/DSD_LAB/lab_07/planAhead_run_2" -part xc6slx9csg324-2
# set_param project.pinAheadLayout yes
# set srcset [get_property srcset [current_run -impl]]
# set_property target_constrs_file "counter.ucf" [current_fileset -constrset]
Adding file 'D:/DSD_LAB/lab_07/counter.ucf' to fileset 'constrs_1'
# set hdlfile [add_files [list {lab_07.v}]]
# set_property file_type Verilog $hdlfile
# set_property library work $hdlfile
# set_property top counter $srcset
# add_files [list {counter.ucf}] -fileset [get_property constrset [current_run]]
# open_rtl_design -part xc6slx9csg324-2
Using Verific elaboration
Parsing VHDL file "C:/Xilinx/14.7/ISE_DS/PlanAhead/data/parts/xilinx/rtl/lib/synplify/synattr.vhd" into library synplify
Analyzing Verilog file "D:/DSD_LAB/lab_07/lab_07.v" into library work
Loading clock regions from C:/Xilinx/14.7/ISE_DS/PlanAhead/data\parts/xilinx/spartan6/spartan6lx/xc6slx9/ClockRegion.xml
Loading clock buffers from C:/Xilinx/14.7/ISE_DS/PlanAhead/data\parts/xilinx/spartan6/spartan6lx/xc6slx9/ClockBuffers.xml
Loading package pin functions from C:/Xilinx/14.7/ISE_DS/PlanAhead/data\parts/xilinx/spartan6/PinFunctions.xml...
Loading package from C:/Xilinx/14.7/ISE_DS/PlanAhead/data\parts/xilinx/spartan6/spartan6lx/xc6slx9/csg324/Package.xml
Loading io standards from C:/Xilinx/14.7/ISE_DS/PlanAhead/data\./parts/xilinx/spartan6/IOStandards.xml
Loading device configuration modes from C:/Xilinx/14.7/ISE_DS/PlanAhead/data\parts/xilinx/spartan6/ConfigModes.xml
Loading list of drcs for the architecture : C:/Xilinx/14.7/ISE_DS/PlanAhead/data\./parts/xilinx/spartan6/drc.xml
Parsing UCF File [D:/DSD_LAB/lab_07/counter.ucf]
Finished Parsing UCF File [D:/DSD_LAB/lab_07/counter.ucf]
INFO: [Project 1-111] Unisim Transformation Summary:
No Unisim elements were transformed.

Phase 0 | Netlist Checksum: bba6c442
open_rtl_design: Time (s): elapsed = 00:00:05 . Memory (MB): peak = 683.828 ; gain = 154.902
update_compile_order -fileset sim_1
set_property pulltype PULLUP [get_ports [list {counter7seg[6]} {counter7seg[5]} {counter7seg[4]} {counter7seg[3]} {counter7seg[2]} {counter7seg[1]} {counter7seg[0]}]]
save_constraints
set_property pulltype NONE [get_ports [list {counter7seg[6]}]]
set_property pulltype NONE [get_ports [list {counter7seg[6]} {counter7seg[5]} {counter7seg[4]} {counter7seg[3]} {counter7seg[2]} {counter7seg[1]} {counter7seg[0]}]]
save_constraints
startgroup
set_property package_pin V10 [get_ports clk]
endgroup
save_constraints
startgroup
set_property package_pin F17 [get_ports rst]
endgroup
save_constraints
exit
ERROR: [PlanAhead 12-106] *** Exception: ui.h.b: Found deleted key in HTclEventBroker. Verify if the classes listed here call cleanup()
HTclEvent: SIGNAL_MODIFY   Classes: ui.views.aR 
HTclEvent: DEBUG_PORT_CONFIG_CHANGE   Classes: ui.views.aR 
HTclEvent: SIGNAL_BUS_MODIFY   Classes: ui.views.aR 
HTclEvent: DEBUG_CORE_CONFIG_CHANGE   Classes: ui.views.aR 
 (See D:/DSD_LAB/lab_07\planAhead_pid16420.debug)
ERROR: [Common 17-39] 'stop_gui' failed due to earlier errors.
INFO: [Common 17-206] Exiting PlanAhead at Thu May 26 10:31:54 2022...
INFO: [Common 17-83] Releasing license: PlanAhead
