#-----------------------------------------------------------
# PlanAhead v14.7 (64-bit)
# Build 321239 by xbuild on Fri Sep 27 19:29:51 MDT 2013
# Start of session at: Sun May 29 13:44:30 2022
# Process ID: 15516
# Log file: D:/EngineeringData/6th_Semester/Digital_System_Design_LAB/LabReport_#_06/Practice/DSD_LAB_7a/planAhead_run_4/planAhead.log
# Journal file: D:/EngineeringData/6th_Semester/Digital_System_Design_LAB/LabReport_#_06/Practice/DSD_LAB_7a/planAhead_run_4/planAhead.jou
#-----------------------------------------------------------
INFO: [Common 17-78] Attempting to get a license: PlanAhead
INFO: [Common 17-290] Got license for PlanAhead
INFO: [Device 21-36] Loading parts and site information from C:/Xilinx/14.7/ISE_DS/PlanAhead/data/parts/arch.xml
Parsing RTL primitives file [C:/Xilinx/14.7/ISE_DS/PlanAhead/data/parts/xilinx/rtl/prims/rtl_prims.xml]
Finished parsing RTL primitives file [C:/Xilinx/14.7/ISE_DS/PlanAhead/data/parts/xilinx/rtl/prims/rtl_prims.xml]
start_gui
source D:/EngineeringData/6th_Semester/Digital_System_Design_LAB/LabReport_#_06/Practice/DSD_LAB_7a/pa.fromHdl.tcl
# create_project -name lab_07 -dir "D:/EngineeringData/6th_Semester/Digital_System_Design_LAB/LabReport_#_06/Practice/DSD_LAB_7a/planAhead_run_4" -part xc6slx9csg324-2
# set_param project.pinAheadLayout yes
# set srcset [get_property srcset [current_run -impl]]
# set_property target_constrs_file "counter.ucf" [current_fileset -constrset]
Adding file 'D:/EngineeringData/6th_Semester/Digital_System_Design_LAB/LabReport_#_06/Practice/DSD_LAB_7a/counter.ucf' to fileset 'constrs_1'
# set hdlfile [add_files [list {lab_07.v}]]
# set_property file_type Verilog $hdlfile
# set_property library work $hdlfile
# set_property top counter $srcset
# add_files [list {counter.ucf}] -fileset [get_property constrset [current_run]]
# open_rtl_design -part xc6slx9csg324-2
CRITICAL WARNING: [Designutils 20-742] The top module "counter" specified for this project can not be validated. The current project is using automatic hierarchy update mode, and hence a new suitable replacement top will be automatically selected. If this is not desired, please change the hierarchy update mode to one of the manual compile order modes first, and then set top to any desired value.
ERROR: [Designutils 20-730] Could not find a top module in the fileset sources_1.

    while executing
"open_rtl_design -part xc6slx9csg324-2"
    (file "D:/EngineeringData/6th_Semester/Digital_System_Design_LAB/LabReport_#_06/Practice/DSD_LAB_7a/pa.fromHdl.tcl" line 13)
exit
ERROR: [PlanAhead 12-106] *** Exception: ui.h.b: Found deleted key in HTclEventBroker. Verify if the classes listed here call cleanup()
HTclEvent: DEBUG_PORT_CONFIG_CHANGE   Classes: ui.views.aR 
HTclEvent: DEBUG_CORE_CONFIG_CHANGE   Classes: ui.views.aR 
HTclEvent: SIGNAL_MODIFY   Classes: ui.views.aR 
HTclEvent: SIGNAL_BUS_MODIFY   Classes: ui.views.aR 
 (See D:/EngineeringData/6th_Semester/Digital_System_Design_LAB/LabReport_#_06/Practice/DSD_LAB_7a\planAhead_pid15516.debug)
ERROR: [Common 17-39] 'stop_gui' failed due to earlier errors.
INFO: [Common 17-206] Exiting PlanAhead at Sun May 29 13:44:48 2022...
INFO: [Common 17-83] Releasing license: PlanAhead
